C:\Program Files (x86)\MSBuild\Microsoft.Cpp\v4.0\V140\Microsoft.CppBuild.targets(392,5): warning MSB8028: The intermediate directory (x64\Debug\) contains files shared from another project (CUDA_Read_File.vcxproj).  This can lead to incorrect clean and rebuild behavior.
  Compiling CUDA source file kernel.cu...
  
  c:\Users\Home-Bostjan\Documents\gitKreken\Radix-sort-GPU\CUDA_Read_File>"C:\Program Files\NVIDIA GPU Computing Toolkit\CUDA\v9.1\bin\nvcc.exe" -gencode=arch=compute_30,code=\"sm_30,compute_30\" -gencode=arch=compute_30,code=\"sm_30,compute_30\" --use-local-env --cl-version 2015 -ccbin "C:\Program Files (x86)\Microsoft Visual Studio 14.0\VC\bin\x86_amd64" -x cu  -I"C:\Program Files\NVIDIA GPU Computing Toolkit\CUDA\v9.1\include" -I"C:\Program Files\NVIDIA GPU Computing Toolkit\CUDA\v9.1\include"  -G   --keep-dir x64\Debug -maxrregcount=0  --machine 64 --compile -cudart static  -g   -DWIN32 -DWIN64 -D_DEBUG -D_CONSOLE -D_MBCS -Xcompiler "/EHsc /W3 /nologo /Od /FS /Zi /RTC1 /MDd " -o x64\Debug\kernel.cu.obj "c:\Users\Home-Bostjan\Documents\gitKreken\Radix-sort-GPU\CUDA_Read_File\kernel.cu" 
c:/Users/Home-Bostjan/Documents/gitKreken/Radix-sort-GPU/CUDA_Read_File/kernel.cu(339): warning : variable "n" was declared but never referenced
c:/Users/Home-Bostjan/Documents/gitKreken/Radix-sort-GPU/CUDA_Read_File/kernel.cu(383): warning : expression has no effect
c:/Users/Home-Bostjan/Documents/gitKreken/Radix-sort-GPU/CUDA_Read_File/kernel.cu(432): warning : statement is unreachable
c:/Users/Home-Bostjan/Documents/gitKreken/Radix-sort-GPU/CUDA_Read_File/kernel.cu(297): warning : variable "numBlocks" was declared but never referenced
c:/Users/Home-Bostjan/Documents/gitKreken/Radix-sort-GPU/CUDA_Read_File/kernel.cu(302): warning : variable "totalTime" was declared but never referenced
c:/Users/Home-Bostjan/Documents/gitKreken/Radix-sort-GPU/CUDA_Read_File/kernel.cu(339): warning : variable "n" was declared but never referenced
c:/Users/Home-Bostjan/Documents/gitKreken/Radix-sort-GPU/CUDA_Read_File/kernel.cu(383): warning : expression has no effect
c:/Users/Home-Bostjan/Documents/gitKreken/Radix-sort-GPU/CUDA_Read_File/kernel.cu(432): warning : statement is unreachable
c:/Users/Home-Bostjan/Documents/gitKreken/Radix-sort-GPU/CUDA_Read_File/kernel.cu(297): warning : variable "numBlocks" was declared but never referenced
c:/Users/Home-Bostjan/Documents/gitKreken/Radix-sort-GPU/CUDA_Read_File/kernel.cu(302): warning : variable "totalTime" was declared but never referenced
  kernel.cu
c:/Users/Home-Bostjan/Documents/gitKreken/Radix-sort-GPU/CUDA_Read_File/kernel.cu(44): warning C4018: '>': signed/unsigned mismatch
c:/Users/Home-Bostjan/Documents/gitKreken/Radix-sort-GPU/CUDA_Read_File/kernel.cu(288): warning C4244: 'argument': conversion from 'double' to 'unsigned int', possible loss of data
c:/Users/Home-Bostjan/Documents/gitKreken/Radix-sort-GPU/CUDA_Read_File/kernel.cu(326): warning C4267: 'initializing': conversion from 'size_t' to 'int', possible loss of data
  CUDA_Read_File.vcxproj -> C:\Users\Home-Bostjan\Documents\gitKreken\Radix-sort-GPU\x64\Debug\Radix_sort_GPU.exe
  CUDA_Read_File.vcxproj -> C:\Users\Home-Bostjan\Documents\gitKreken\Radix-sort-GPU\x64\Debug\Radix_sort_GPU.pdb (Full PDB)
  copy "C:\Program Files\NVIDIA GPU Computing Toolkit\CUDA\v9.1\bin\cudart*.dll" "C:\Users\Home-Bostjan\Documents\gitKreken\Radix-sort-GPU\x64\Debug\"
  C:\Program Files\NVIDIA GPU Computing Toolkit\CUDA\v9.1\bin\cudart32_91.dll
  C:\Program Files\NVIDIA GPU Computing Toolkit\CUDA\v9.1\bin\cudart64_91.dll
          2 file(s) copied.
